#-----------------------------------------------------------
# Vivado v2022.2 (64-bit)
# SW Build 3671981 on Fri Oct 14 05:00:03 MDT 2022
# IP Build 3669848 on Fri Oct 14 08:30:02 MDT 2022
# Start of session at: Fri Jan 12 10:25:40 2024
# Process ID: 16344
# Current directory: E:/Verilog_Module/IP/Uart_RX_Core_V1_1
# Command line: vivado.exe -gui_launcher_event rodinguilauncherevent7716 E:\Verilog_Module\IP\Uart_RX_Core_V1_1\tmp_edit_project.xpr
# Log file: E:/Verilog_Module/IP/Uart_RX_Core_V1_1/vivado.log
# Journal file: E:/Verilog_Module/IP/Uart_RX_Core_V1_1\vivado.jou
# Running On: LAPTOP-728FV7UV, OS: Windows, CPU Frequency: 2304 MHz, CPU Physical cores: 4, Host memory: 8446 MB
#-----------------------------------------------------------
start_gui
open_project E:/Verilog_Module/IP/Uart_RX_Core_V1_1/tmp_edit_project.xpr
WARNING: [Board 49-26] cannot add Board Part xilinx.com:vek280_es:part0:1.0 available at D:/Xilinx/Vivado/2022.2/data/xhub/boards/XilinxBoardStore/boards/Xilinx/vek280/es/1.0/board.xml as part xcve2802-vsvh1760-2lp-e-s-es1 specified in board_part file is either invalid or not available
WARNING: [Board 49-26] cannot add Board Part xilinx.com:vhk158_es:part0:1.0 available at D:/Xilinx/Vivado/2022.2/data/xhub/boards/XilinxBoardStore/boards/Xilinx/vhk158/es/1.0/board.xml as part xcvh1582-vsva3697-2mp-e-s-es1 specified in board_part file is either invalid or not available
WARNING: [Board 49-26] cannot add Board Part xilinx.com:vpk120_es:part0:1.2 available at D:/Xilinx/Vivado/2022.2/data/xhub/boards/XilinxBoardStore/boards/Xilinx/vpk120/es/1.2/board.xml as part xcvp1202-vsva2785-2mp-e-s-es1 specified in board_part file is either invalid or not available
WARNING: [Board 49-26] cannot add Board Part xilinx.com:vpk120_es_revb:part0:1.0 available at D:/Xilinx/Vivado/2022.2/data/xhub/boards/XilinxBoardStore/boards/Xilinx/vpk120_revb/es/1.0/board.xml as part xcvp1202-vsva2785-2mp-e-s-es1 specified in board_part file is either invalid or not available
WARNING: [Board 49-26] cannot add Board Part xilinx.com:vpk180_es:part0:1.0 available at D:/Xilinx/Vivado/2022.2/data/xhub/boards/XilinxBoardStore/boards/Xilinx/vpk180/es/1.0/board.xml as part xcvp1802-lsvc4072-2mp-e-s-es1 specified in board_part file is either invalid or not available
WARNING: [Board 49-26] cannot add Board Part xilinx.com:zcu208ld:part0:2.0 available at D:/Xilinx/Vivado/2022.2/data/xhub/boards/XilinxBoardStore/boards/Xilinx/zcu208ld/production/2.0/board.xml as part xczu58dr-fsvg1517-2-i specified in board_part file is either invalid or not available
WARNING: [Board 49-26] cannot add Board Part xilinx.com:zcu216ld:part0:2.0 available at D:/Xilinx/Vivado/2022.2/data/xhub/boards/XilinxBoardStore/boards/Xilinx/zcu216ld/production/2.0/board.xml as part xczu59dr-ffvf1760-2-i specified in board_part file is either invalid or not available
WARNING: [Board 49-26] cannot add Board Part xilinx.com:zcu670:part0:2.0 available at D:/Xilinx/Vivado/2022.2/data/xhub/boards/XilinxBoardStore/boards/Xilinx/zcu670/2.0/board.xml as part xczu67dr-fsve1156-2-i specified in board_part file is either invalid or not available
WARNING: [Board 49-26] cannot add Board Part xilinx.com:zcu670ld:part0:1.0 available at D:/Xilinx/Vivado/2022.2/data/xhub/boards/XilinxBoardStore/boards/Xilinx/zcu670ld/1.0/board.xml as part xczu57dr-fsve1156-2-i specified in board_part file is either invalid or not available
INFO: [filemgmt 56-3] Default IP Output Path : Could not find the directory 'E:/Verilog_Module/IP/Uart_RX_Core_V1_1/tmp_edit_project.gen/sources_1'.
WARNING: [filemgmt 56-3] IPUserFilesDir: Could not find the directory 'E:/Verilog_Module/IP/Uart_RX_Core_V1_1/tmp_edit_project.ip_user_files'.
CRITICAL WARNING: [Project 1-19] Could not find the file 'E:/Verilog_Module/IP/Uart_RX_Core/src/tb_uart_top_module.v'.
Scanning sources...
Finished scanning sources
INFO: [IP_Flow 19-234] Refreshing IP repositories
WARNING: [IP_Flow 19-1694] Ignoring duplicate Bus Definition IP file 'xilinx.com:user:FDMA:1.0' found within IP repository 'e:/verilog_module'.
File in use: e:/verilog_module/IP/uifdma/FDMA.xml
File ignored: e:/verilog_module/IP/uifdmadbuf/FDMA.xml
WARNING: [IP_Flow 19-1694] Ignoring duplicate Bus Abstraction IP file 'xilinx.com:user:FDMA_rtl:1.0' found within IP repository 'e:/verilog_module'.
File in use: e:/verilog_module/IP/uifdma/FDMA_rtl.xml
File ignored: e:/verilog_module/IP/uifdmadbuf/FDMA_rtl.xml
INFO: [IP_Flow 19-1700] Loaded user IP repository 'e:/verilog_module'.
WARNING: [IP_Flow 19-3685] Ignored loading user repository 'e:/Verilog_Module/IP'. The path is contained within another repository.
INFO: [IP_Flow 19-2313] Loaded Vivado IP repository 'D:/Xilinx/Vivado/2022.2/data/ip'.
WARNING: [IP_Flow 19-1663] Duplicate IP found for 'kulya.cn:user:uart_reg_rx_module:1.1'. The one found in IP location 'e:/verilog_module/IP/Uart_RX_Core_V1_1' will take precedence over the same IP in location e:/verilog_module/IP/Uart_RX_Core_V1_1/tmp_edit_project.srcs/sources_1/imports/Uart_RX_Core_V1_1
open_project: Time (s): cpu = 00:00:22 ; elapsed = 00:00:09 . Memory (MB): peak = 2088.258 ; gain = 267.391
update_compile_order -fileset sources_1
ipx::open_ipxact_file {E:\Verilog_Module\IP\Uart_RX_Core_V1_1\tmp_edit_project.srcs\sources_1\imports\Uart_RX_Core_V1_1\component.xml}
set_property model_name uart_reg_rx_module [ipx::get_file_groups xilinx_implementation -of_objects [ipx::current_core]]
set_property is_include true [ipx::get_files src/Ser2Par.v -of_objects [ipx::get_file_groups xilinx_implementation -of_objects [ipx::current_core]]]
set_property is_include true [ipx::get_files src/uart_reg_rx_module.v -of_objects [ipx::get_file_groups xilinx_implementation -of_objects [ipx::current_core]]]
set_property is_include true [ipx::get_files src/uart_bit_rx_module.v -of_objects [ipx::get_file_groups xilinx_implementation -of_objects [ipx::current_core]]]
set_property is_include false [ipx::get_files src/Ser2Par.v -of_objects [ipx::get_file_groups xilinx_implementation -of_objects [ipx::current_core]]]
set_property is_include false [ipx::get_files src/uart_reg_rx_module.v -of_objects [ipx::get_file_groups xilinx_implementation -of_objects [ipx::current_core]]]
set_property is_include false [ipx::get_files src/uart_bit_rx_module.v -of_objects [ipx::get_file_groups xilinx_implementation -of_objects [ipx::current_core]]]
ipx::update_checksums [ipx::current_core]
ipx::save_core [ipx::current_core]
set_property core_revision 8 [ipx::current_core]
ipx::update_checksums [ipx::current_core]
ipx::check_integrity [ipx::current_core]
WARNING: [IP_Flow 19-867] Referenced XGUI file does not exist: xgui/uart_reg_rx_module_v1_1.tcl
ERROR: [IP_Flow 19-407] File Group 'xilinx_verilogsynthesis (Verilog Synthesis)': Missing top model name.
WARNING: [IP_Flow 19-3157] Bus Interface 'rst_n': Bus parameter POLARITY is ACTIVE_LOW but port 'rst_n' is not *resetn - please double check the POLARITY setting.
WARNING: [IP_Flow 19-5661] Bus Interface 'clk' does not have any bus interfaces associated with it.
INFO: [IP_Flow 19-2181] Payment Required is not set for this core.
WARNING: [IP_Flow 19-4663] IP found with multiple 'Synthesis' file groups packaged. Only one file group of this type may exist per IP.
INFO: [IP_Flow 19-2187] The Product Guide file is missing.
ERROR: [Ipptcl 7-1485] check_integrity: Integrity check failed.
ERROR: [Common 17-39] 'ipx::check_integrity' failed due to earlier errors.
set_property model_name uart_reg_rx_module [ipx::get_file_groups xilinx_verilogsynthesis -of_objects [ipx::current_core]]
ipx::update_checksums [ipx::current_core]
ipx::save_core [ipx::current_core]
ipx::remove_file_group xilinx_verilogsynthesis [ipx::current_core]
ipx::remove_file_group xilinx_implementation [ipx::current_core]
set_property core_revision 9 [ipx::current_core]
ipx::update_checksums [ipx::current_core]
ipx::check_integrity [ipx::current_core]
WARNING: [IP_Flow 19-867] Referenced XGUI file does not exist: xgui/uart_reg_rx_module_v1_1.tcl
WARNING: [IP_Flow 19-3157] Bus Interface 'rst_n': Bus parameter POLARITY is ACTIVE_LOW but port 'rst_n' is not *resetn - please double check the POLARITY setting.
WARNING: [IP_Flow 19-5661] Bus Interface 'clk' does not have any bus interfaces associated with it.
INFO: [IP_Flow 19-2181] Payment Required is not set for this core.
INFO: [IP_Flow 19-2187] The Product Guide file is missing.
INFO: [Ipptcl 7-1486] check_integrity: Integrity check passed.
ipx::save_core [ipx::current_core]
update_ip_catalog -rebuild -repo_path e:/verilog_module
WARNING: [IP_Flow 19-1694] Ignoring duplicate Bus Definition IP file 'xilinx.com:user:FDMA:1.0' found within IP repository 'e:/verilog_module'.
File in use: e:/verilog_module/IP/uifdma/FDMA.xml
File ignored: e:/verilog_module/IP/uifdmadbuf/FDMA.xml
WARNING: [IP_Flow 19-1694] Ignoring duplicate Bus Abstraction IP file 'xilinx.com:user:FDMA_rtl:1.0' found within IP repository 'e:/verilog_module'.
File in use: e:/verilog_module/IP/uifdma/FDMA_rtl.xml
File ignored: e:/verilog_module/IP/uifdmadbuf/FDMA_rtl.xml
INFO: [IP_Flow 19-725] Reloaded user IP repository 'e:/verilog_module'
WARNING: [IP_Flow 19-1663] Duplicate IP found for 'kulya.cn:user:uart_reg_rx_module:1.1'. The one found in IP location 'e:/verilog_module/IP/Uart_RX_Core_V1_1/tmp_edit_project.srcs/sources_1/imports/Uart_RX_Core_V1_1' will take precedence over the same IP in location e:/verilog_module/IP/Uart_RX_Core_V1_1
set_property core_revision 10 [ipx::current_core]
ipx::update_checksums [ipx::current_core]
ipx::check_integrity [ipx::current_core]
WARNING: [IP_Flow 19-867] Referenced XGUI file does not exist: xgui/uart_reg_rx_module_v1_1.tcl
WARNING: [IP_Flow 19-3157] Bus Interface 'rst_n': Bus parameter POLARITY is ACTIVE_LOW but port 'rst_n' is not *resetn - please double check the POLARITY setting.
WARNING: [IP_Flow 19-5661] Bus Interface 'clk' does not have any bus interfaces associated with it.
INFO: [IP_Flow 19-2181] Payment Required is not set for this core.
INFO: [IP_Flow 19-2187] The Product Guide file is missing.
INFO: [Ipptcl 7-1486] check_integrity: Integrity check passed.
ipx::save_core [ipx::current_core]
update_ip_catalog -rebuild -repo_path e:/verilog_module
WARNING: [IP_Flow 19-1694] Ignoring duplicate Bus Definition IP file 'xilinx.com:user:FDMA:1.0' found within IP repository 'e:/verilog_module'.
File in use: e:/verilog_module/IP/uifdma/FDMA.xml
File ignored: e:/verilog_module/IP/uifdmadbuf/FDMA.xml
WARNING: [IP_Flow 19-1694] Ignoring duplicate Bus Abstraction IP file 'xilinx.com:user:FDMA_rtl:1.0' found within IP repository 'e:/verilog_module'.
File in use: e:/verilog_module/IP/uifdma/FDMA_rtl.xml
File ignored: e:/verilog_module/IP/uifdmadbuf/FDMA_rtl.xml
INFO: [IP_Flow 19-725] Reloaded user IP repository 'e:/verilog_module'
WARNING: [IP_Flow 19-1663] Duplicate IP found for 'kulya.cn:user:uart_reg_rx_module:1.1'. The one found in IP location 'e:/verilog_module/IP/Uart_RX_Core_V1_1/tmp_edit_project.srcs/sources_1/imports/Uart_RX_Core_V1_1' will take precedence over the same IP in location e:/verilog_module/IP/Uart_RX_Core_V1_1
ipx::remove_bus_interface rst_n [ipx::current_core]
ipx::add_bus_interface rstn [ipx::current_core]
set_property abstraction_type_vlnv xilinx.com:signal:reset_rtl:1.0 [ipx::get_bus_interfaces rstn -of_objects [ipx::current_core]]
set_property bus_type_vlnv xilinx.com:signal:reset:1.0 [ipx::get_bus_interfaces rstn -of_objects [ipx::current_core]]
set_property interface_mode master [ipx::get_bus_interfaces rstn -of_objects [ipx::current_core]]
set_property interface_mode slave [ipx::get_bus_interfaces rstn -of_objects [ipx::current_core]]
ipx::add_port_map RST [ipx::get_bus_interfaces rstn -of_objects [ipx::current_core]]
set_property physical_name rst_n [ipx::get_port_maps RST -of_objects [ipx::get_bus_interfaces rstn -of_objects [ipx::current_core]]]
ipx::add_bus_parameter POLARITY [ipx::get_bus_interfaces rstn -of_objects [ipx::current_core]]
ipx::remove_bus_interface rstn [ipx::current_core]
ipx::infer_bus_interface rst_n xilinx.com:signal:reset_rtl:1.0 [ipx::current_core]
INFO: [IP_Flow 19-5107] Inferred bus interface 'rst_n' of definition 'xilinx.com:signal:reset:1.0' (from TCL Argument).
INFO: [IP_Flow 19-4728] Bus Interface 'rst_n': Added interface parameter 'POLARITY' with value 'ACTIVE_LOW'.
INFO: [IP_Flow 19-4728] Bus Interface 'clk': Added interface parameter 'ASSOCIATED_RESET' with value 'rst_n'.
set_property core_revision 11 [ipx::current_core]
ipx::update_checksums [ipx::current_core]
ipx::check_integrity [ipx::current_core]
WARNING: [IP_Flow 19-867] Referenced XGUI file does not exist: xgui/uart_reg_rx_module_v1_1.tcl
WARNING: [IP_Flow 19-5661] Bus Interface 'clk' does not have any bus interfaces associated with it.
WARNING: [IP_Flow 19-3157] Bus Interface 'rst_n': Bus parameter POLARITY is ACTIVE_LOW but port 'rst_n' is not *resetn - please double check the POLARITY setting.
INFO: [IP_Flow 19-2181] Payment Required is not set for this core.
INFO: [IP_Flow 19-2187] The Product Guide file is missing.
INFO: [Ipptcl 7-1486] check_integrity: Integrity check passed.
ipx::save_core [ipx::current_core]
update_ip_catalog -rebuild -repo_path e:/verilog_module
WARNING: [IP_Flow 19-1694] Ignoring duplicate Bus Definition IP file 'xilinx.com:user:FDMA:1.0' found within IP repository 'e:/verilog_module'.
File in use: e:/verilog_module/IP/uifdma/FDMA.xml
File ignored: e:/verilog_module/IP/uifdmadbuf/FDMA.xml
WARNING: [IP_Flow 19-1694] Ignoring duplicate Bus Abstraction IP file 'xilinx.com:user:FDMA_rtl:1.0' found within IP repository 'e:/verilog_module'.
File in use: e:/verilog_module/IP/uifdma/FDMA_rtl.xml
File ignored: e:/verilog_module/IP/uifdmadbuf/FDMA_rtl.xml
INFO: [IP_Flow 19-725] Reloaded user IP repository 'e:/verilog_module'
WARNING: [IP_Flow 19-1663] Duplicate IP found for 'kulya.cn:user:uart_reg_rx_module:1.1'. The one found in IP location 'e:/verilog_module/IP/Uart_RX_Core_V1_1/tmp_edit_project.srcs/sources_1/imports/Uart_RX_Core_V1_1' will take precedence over the same IP in location e:/verilog_module/IP/Uart_RX_Core_V1_1
ipx::remove_file xgui/uart_reg_rx_module_v1_1.tcl [ipx::get_file_groups xilinx_xpgui -of_objects [ipx::current_core]]
ipx::add_file E:/Verilog_Module/IP/Uart_RX_Core_V1_1/xgui/uart_reg_rx_module_v1_1.tcl [ipx::get_file_groups xilinx_xpgui -of_objects [ipx::current_core]]
WARNING: [Ipptcl 7-1550] All additional files should be added in a directory below the IP definition file (xml)
set_property type tclSource [ipx::get_files ../../../../xgui/uart_reg_rx_module_v1_1.tcl -of_objects [ipx::get_file_groups xilinx_xpgui -of_objects [ipx::current_core]]]
set_property core_revision 12 [ipx::current_core]
ipx::create_xgui_files [ipx::current_core]
ipx::update_checksums [ipx::current_core]
ipx::check_integrity [ipx::current_core]
WARNING: [IP_Flow 19-5661] Bus Interface 'clk' does not have any bus interfaces associated with it.
WARNING: [IP_Flow 19-3157] Bus Interface 'rst_n': Bus parameter POLARITY is ACTIVE_LOW but port 'rst_n' is not *resetn - please double check the POLARITY setting.
INFO: [IP_Flow 19-2181] Payment Required is not set for this core.
INFO: [IP_Flow 19-2187] The Product Guide file is missing.
INFO: [Ipptcl 7-1486] check_integrity: Integrity check passed.
ipx::save_core [ipx::current_core]
update_ip_catalog -rebuild -repo_path e:/verilog_module
WARNING: [IP_Flow 19-1694] Ignoring duplicate Bus Definition IP file 'xilinx.com:user:FDMA:1.0' found within IP repository 'e:/verilog_module'.
File in use: e:/verilog_module/IP/uifdma/FDMA.xml
File ignored: e:/verilog_module/IP/uifdmadbuf/FDMA.xml
WARNING: [IP_Flow 19-1694] Ignoring duplicate Bus Abstraction IP file 'xilinx.com:user:FDMA_rtl:1.0' found within IP repository 'e:/verilog_module'.
File in use: e:/verilog_module/IP/uifdma/FDMA_rtl.xml
File ignored: e:/verilog_module/IP/uifdmadbuf/FDMA_rtl.xml
INFO: [IP_Flow 19-725] Reloaded user IP repository 'e:/verilog_module'
WARNING: [IP_Flow 19-1663] Duplicate IP found for 'kulya.cn:user:uart_reg_rx_module:1.1'. The one found in IP location 'e:/verilog_module/IP/Uart_RX_Core_V1_1/tmp_edit_project.srcs/sources_1/imports/Uart_RX_Core_V1_1' will take precedence over the same IP in location e:/verilog_module/IP/Uart_RX_Core_V1_1
ipx::add_bus_parameter ASSOCIATED_BUSIF [ipx::get_bus_interfaces clk -of_objects [ipx::current_core]]
ipx::add_bus_parameter INSERT_VIP [ipx::get_bus_interfaces rst_n -of_objects [ipx::current_core]]
set_property core_revision 13 [ipx::current_core]
ipx::create_xgui_files [ipx::current_core]
ipx::update_checksums [ipx::current_core]
ipx::check_integrity [ipx::current_core]
WARNING: [IP_Flow 19-3152] Bus Interface 'clk': ASSOCIATED_BUSIF bus '' does not exist.
WARNING: [IP_Flow 19-3157] Bus Interface 'rst_n': Bus parameter POLARITY is ACTIVE_LOW but port 'rst_n' is not *resetn - please double check the POLARITY setting.
INFO: [IP_Flow 19-2181] Payment Required is not set for this core.
INFO: [IP_Flow 19-2187] The Product Guide file is missing.
INFO: [Ipptcl 7-1486] check_integrity: Integrity check passed.
ipx::save_core [ipx::current_core]
update_ip_catalog -rebuild -repo_path e:/verilog_module
WARNING: [IP_Flow 19-1694] Ignoring duplicate Bus Definition IP file 'xilinx.com:user:FDMA:1.0' found within IP repository 'e:/verilog_module'.
File in use: e:/verilog_module/IP/uifdma/FDMA.xml
File ignored: e:/verilog_module/IP/uifdmadbuf/FDMA.xml
WARNING: [IP_Flow 19-1694] Ignoring duplicate Bus Abstraction IP file 'xilinx.com:user:FDMA_rtl:1.0' found within IP repository 'e:/verilog_module'.
File in use: e:/verilog_module/IP/uifdma/FDMA_rtl.xml
File ignored: e:/verilog_module/IP/uifdmadbuf/FDMA_rtl.xml
INFO: [IP_Flow 19-725] Reloaded user IP repository 'e:/verilog_module'
WARNING: [IP_Flow 19-1663] Duplicate IP found for 'kulya.cn:user:uart_reg_rx_module:1.1'. The one found in IP location 'e:/verilog_module/IP/Uart_RX_Core_V1_1/tmp_edit_project.srcs/sources_1/imports/Uart_RX_Core_V1_1' will take precedence over the same IP in location e:/verilog_module/IP/Uart_RX_Core_V1_1
set_property interface_mode master [ipx::get_bus_interfaces clk -of_objects [ipx::current_core]]
ipx::remove_port_map CLK [ipx::get_bus_interfaces clk -of_objects [ipx::current_core]]
ipx::remove_bus_parameter ASSOCIATED_BUSIF [ipx::get_bus_interfaces clk -of_objects [ipx::current_core]]
ipx::add_bus_parameter FREQ_TOLERANCE_HZ [ipx::get_bus_interfaces clk -of_objects [ipx::current_core]]
set_property interface_mode monitor [ipx::get_bus_interfaces clk -of_objects [ipx::current_core]]
ipx::add_port_map CLK [ipx::get_bus_interfaces clk -of_objects [ipx::current_core]]
set_property physical_name clk [ipx::get_port_maps CLK -of_objects [ipx::get_bus_interfaces clk -of_objects [ipx::current_core]]]
set_property core_revision 14 [ipx::current_core]
ipx::create_xgui_files [ipx::current_core]
ipx::update_checksums [ipx::current_core]
ipx::check_integrity [ipx::current_core]
WARNING: [IP_Flow 19-5661] Bus Interface 'clk' does not have any bus interfaces associated with it.
WARNING: [IP_Flow 19-3157] Bus Interface 'rst_n': Bus parameter POLARITY is ACTIVE_LOW but port 'rst_n' is not *resetn - please double check the POLARITY setting.
INFO: [IP_Flow 19-2181] Payment Required is not set for this core.
INFO: [IP_Flow 19-2187] The Product Guide file is missing.
INFO: [Ipptcl 7-1486] check_integrity: Integrity check passed.
ipx::save_core [ipx::current_core]
update_ip_catalog -rebuild -repo_path e:/verilog_module
WARNING: [IP_Flow 19-1694] Ignoring duplicate Bus Definition IP file 'xilinx.com:user:FDMA:1.0' found within IP repository 'e:/verilog_module'.
File in use: e:/verilog_module/IP/uifdma/FDMA.xml
File ignored: e:/verilog_module/IP/uifdmadbuf/FDMA.xml
WARNING: [IP_Flow 19-1694] Ignoring duplicate Bus Abstraction IP file 'xilinx.com:user:FDMA_rtl:1.0' found within IP repository 'e:/verilog_module'.
File in use: e:/verilog_module/IP/uifdma/FDMA_rtl.xml
File ignored: e:/verilog_module/IP/uifdmadbuf/FDMA_rtl.xml
INFO: [IP_Flow 19-725] Reloaded user IP repository 'e:/verilog_module'
WARNING: [IP_Flow 19-1663] Duplicate IP found for 'kulya.cn:user:uart_reg_rx_module:1.1'. The one found in IP location 'e:/verilog_module/IP/Uart_RX_Core_V1_1/tmp_edit_project.srcs/sources_1/imports/Uart_RX_Core_V1_1' will take precedence over the same IP in location e:/verilog_module/IP/Uart_RX_Core_V1_1
ipx::remove_bus_parameter FREQ_TOLERANCE_HZ [ipx::get_bus_interfaces clk -of_objects [ipx::current_core]]
ipx::add_bus_parameter ASSOCIATED_BUSIF [ipx::get_bus_interfaces clk -of_objects [ipx::current_core]]
set_property core_revision 15 [ipx::current_core]
ipx::create_xgui_files [ipx::current_core]
ipx::update_checksums [ipx::current_core]
ipx::check_integrity [ipx::current_core]
WARNING: [IP_Flow 19-3152] Bus Interface 'clk': ASSOCIATED_BUSIF bus '' does not exist.
WARNING: [IP_Flow 19-3157] Bus Interface 'rst_n': Bus parameter POLARITY is ACTIVE_LOW but port 'rst_n' is not *resetn - please double check the POLARITY setting.
INFO: [IP_Flow 19-2181] Payment Required is not set for this core.
INFO: [IP_Flow 19-2187] The Product Guide file is missing.
INFO: [Ipptcl 7-1486] check_integrity: Integrity check passed.
ipx::save_core [ipx::current_core]
update_ip_catalog -rebuild -repo_path e:/verilog_module
WARNING: [IP_Flow 19-1694] Ignoring duplicate Bus Definition IP file 'xilinx.com:user:FDMA:1.0' found within IP repository 'e:/verilog_module'.
File in use: e:/verilog_module/IP/uifdma/FDMA.xml
File ignored: e:/verilog_module/IP/uifdmadbuf/FDMA.xml
WARNING: [IP_Flow 19-1694] Ignoring duplicate Bus Abstraction IP file 'xilinx.com:user:FDMA_rtl:1.0' found within IP repository 'e:/verilog_module'.
File in use: e:/verilog_module/IP/uifdma/FDMA_rtl.xml
File ignored: e:/verilog_module/IP/uifdmadbuf/FDMA_rtl.xml
INFO: [IP_Flow 19-725] Reloaded user IP repository 'e:/verilog_module'
WARNING: [IP_Flow 19-1663] Duplicate IP found for 'kulya.cn:user:uart_reg_rx_module:1.1'. The one found in IP location 'e:/verilog_module/IP/Uart_RX_Core_V1_1/tmp_edit_project.srcs/sources_1/imports/Uart_RX_Core_V1_1' will take precedence over the same IP in location e:/verilog_module/IP/Uart_RX_Core_V1_1
set_property value clk [ipx::get_bus_parameters ASSOCIATED_BUSIF -of_objects [ipx::get_bus_interfaces clk -of_objects [ipx::current_core]]]
ipx::remove_bus_parameter INSERT_VIP [ipx::get_bus_interfaces rst_n -of_objects [ipx::current_core]]
set_property core_revision 16 [ipx::current_core]
ipx::create_xgui_files [ipx::current_core]
ipx::update_checksums [ipx::current_core]
ipx::check_integrity [ipx::current_core]
WARNING: [IP_Flow 19-3157] Bus Interface 'rst_n': Bus parameter POLARITY is ACTIVE_LOW but port 'rst_n' is not *resetn - please double check the POLARITY setting.
INFO: [IP_Flow 19-2181] Payment Required is not set for this core.
INFO: [IP_Flow 19-2187] The Product Guide file is missing.
INFO: [Ipptcl 7-1486] check_integrity: Integrity check passed.
ipx::save_core [ipx::current_core]
update_ip_catalog -rebuild -repo_path e:/verilog_module
WARNING: [IP_Flow 19-1694] Ignoring duplicate Bus Definition IP file 'xilinx.com:user:FDMA:1.0' found within IP repository 'e:/verilog_module'.
File in use: e:/verilog_module/IP/uifdma/FDMA.xml
File ignored: e:/verilog_module/IP/uifdmadbuf/FDMA.xml
WARNING: [IP_Flow 19-1694] Ignoring duplicate Bus Abstraction IP file 'xilinx.com:user:FDMA_rtl:1.0' found within IP repository 'e:/verilog_module'.
File in use: e:/verilog_module/IP/uifdma/FDMA_rtl.xml
File ignored: e:/verilog_module/IP/uifdmadbuf/FDMA_rtl.xml
INFO: [IP_Flow 19-725] Reloaded user IP repository 'e:/verilog_module'
WARNING: [IP_Flow 19-1663] Duplicate IP found for 'kulya.cn:user:uart_reg_rx_module:1.1'. The one found in IP location 'e:/verilog_module/IP/Uart_RX_Core_V1_1/tmp_edit_project.srcs/sources_1/imports/Uart_RX_Core_V1_1' will take precedence over the same IP in location e:/verilog_module/IP/Uart_RX_Core_V1_1
set_property name resetn [ipx::get_bus_interfaces rst_n -of_objects [ipx::current_core]]
set_property core_revision 17 [ipx::current_core]
ipx::create_xgui_files [ipx::current_core]
ipx::update_checksums [ipx::current_core]
ipx::check_integrity [ipx::current_core]
WARNING: [IP_Flow 19-3157] Bus Interface 'resetn': Bus parameter POLARITY is ACTIVE_LOW but port 'rst_n' is not *resetn - please double check the POLARITY setting.
INFO: [IP_Flow 19-2181] Payment Required is not set for this core.
INFO: [IP_Flow 19-2187] The Product Guide file is missing.
INFO: [Ipptcl 7-1486] check_integrity: Integrity check passed.
ipx::save_core [ipx::current_core]
update_ip_catalog -rebuild -repo_path e:/verilog_module
WARNING: [IP_Flow 19-1694] Ignoring duplicate Bus Definition IP file 'xilinx.com:user:FDMA:1.0' found within IP repository 'e:/verilog_module'.
File in use: e:/verilog_module/IP/uifdma/FDMA.xml
File ignored: e:/verilog_module/IP/uifdmadbuf/FDMA.xml
WARNING: [IP_Flow 19-1694] Ignoring duplicate Bus Abstraction IP file 'xilinx.com:user:FDMA_rtl:1.0' found within IP repository 'e:/verilog_module'.
File in use: e:/verilog_module/IP/uifdma/FDMA_rtl.xml
File ignored: e:/verilog_module/IP/uifdmadbuf/FDMA_rtl.xml
INFO: [IP_Flow 19-725] Reloaded user IP repository 'e:/verilog_module'
WARNING: [IP_Flow 19-1663] Duplicate IP found for 'kulya.cn:user:uart_reg_rx_module:1.1'. The one found in IP location 'e:/verilog_module/IP/Uart_RX_Core_V1_1/tmp_edit_project.srcs/sources_1/imports/Uart_RX_Core_V1_1' will take precedence over the same IP in location e:/verilog_module/IP/Uart_RX_Core_V1_1
exit
INFO: [Common 17-206] Exiting Vivado at Fri Jan 12 11:34:34 2024...
