#-----------------------------------------------------------
# Vivado v2022.2 (64-bit)
# SW Build 3671981 on Fri Oct 14 05:00:03 MDT 2022
# IP Build 3669848 on Fri Oct 14 08:30:02 MDT 2022
# Start of session at: Fri Jan 12 10:04:54 2024
# Process ID: 4696
# Current directory: E:/Verilog_Module/IP/Uart_TX_Core_V1_1
# Command line: vivado.exe -gui_launcher_event rodinguilauncherevent3140 E:\Verilog_Module\IP\Uart_TX_Core_V1_1\tmp_edit_project.xpr
# Log file: E:/Verilog_Module/IP/Uart_TX_Core_V1_1/vivado.log
# Journal file: E:/Verilog_Module/IP/Uart_TX_Core_V1_1\vivado.jou
# Running On: LAPTOP-728FV7UV, OS: Windows, CPU Frequency: 2304 MHz, CPU Physical cores: 4, Host memory: 8446 MB
#-----------------------------------------------------------
start_gui
open_project E:/Verilog_Module/IP/Uart_TX_Core_V1_1/tmp_edit_project.xpr
WARNING: [Board 49-26] cannot add Board Part xilinx.com:vek280_es:part0:1.0 available at D:/Xilinx/Vivado/2022.2/data/xhub/boards/XilinxBoardStore/boards/Xilinx/vek280/es/1.0/board.xml as part xcve2802-vsvh1760-2lp-e-s-es1 specified in board_part file is either invalid or not available
WARNING: [Board 49-26] cannot add Board Part xilinx.com:vhk158_es:part0:1.0 available at D:/Xilinx/Vivado/2022.2/data/xhub/boards/XilinxBoardStore/boards/Xilinx/vhk158/es/1.0/board.xml as part xcvh1582-vsva3697-2mp-e-s-es1 specified in board_part file is either invalid or not available
WARNING: [Board 49-26] cannot add Board Part xilinx.com:vpk120_es:part0:1.2 available at D:/Xilinx/Vivado/2022.2/data/xhub/boards/XilinxBoardStore/boards/Xilinx/vpk120/es/1.2/board.xml as part xcvp1202-vsva2785-2mp-e-s-es1 specified in board_part file is either invalid or not available
WARNING: [Board 49-26] cannot add Board Part xilinx.com:vpk120_es_revb:part0:1.0 available at D:/Xilinx/Vivado/2022.2/data/xhub/boards/XilinxBoardStore/boards/Xilinx/vpk120_revb/es/1.0/board.xml as part xcvp1202-vsva2785-2mp-e-s-es1 specified in board_part file is either invalid or not available
WARNING: [Board 49-26] cannot add Board Part xilinx.com:vpk180_es:part0:1.0 available at D:/Xilinx/Vivado/2022.2/data/xhub/boards/XilinxBoardStore/boards/Xilinx/vpk180/es/1.0/board.xml as part xcvp1802-lsvc4072-2mp-e-s-es1 specified in board_part file is either invalid or not available
WARNING: [Board 49-26] cannot add Board Part xilinx.com:zcu208ld:part0:2.0 available at D:/Xilinx/Vivado/2022.2/data/xhub/boards/XilinxBoardStore/boards/Xilinx/zcu208ld/production/2.0/board.xml as part xczu58dr-fsvg1517-2-i specified in board_part file is either invalid or not available
WARNING: [Board 49-26] cannot add Board Part xilinx.com:zcu216ld:part0:2.0 available at D:/Xilinx/Vivado/2022.2/data/xhub/boards/XilinxBoardStore/boards/Xilinx/zcu216ld/production/2.0/board.xml as part xczu59dr-ffvf1760-2-i specified in board_part file is either invalid or not available
WARNING: [Board 49-26] cannot add Board Part xilinx.com:zcu670:part0:2.0 available at D:/Xilinx/Vivado/2022.2/data/xhub/boards/XilinxBoardStore/boards/Xilinx/zcu670/2.0/board.xml as part xczu67dr-fsve1156-2-i specified in board_part file is either invalid or not available
WARNING: [Board 49-26] cannot add Board Part xilinx.com:zcu670ld:part0:1.0 available at D:/Xilinx/Vivado/2022.2/data/xhub/boards/XilinxBoardStore/boards/Xilinx/zcu670ld/1.0/board.xml as part xczu57dr-fsve1156-2-i specified in board_part file is either invalid or not available
WARNING: [filemgmt 56-3] IP Repository Path: Could not find the directory 'E:/Verilog_Module/Simulation.srcs/sources_1/Core/UART/reg'.
INFO: [filemgmt 56-3] Default IP Output Path : Could not find the directory 'E:/Verilog_Module/IP/Uart_TX_Core_V1_1/tmp_edit_project.gen/sources_1'.
WARNING: [filemgmt 56-3] IPUserFilesDir: Could not find the directory 'E:/Verilog_Module/IP/Uart_TX_Core_V1_1/tmp_edit_project.ip_user_files'.
Scanning sources...
Finished scanning sources
INFO: [IP_Flow 19-234] Refreshing IP repositories
WARNING: [IP_Flow 19-2248] Failed to load user IP repository 'e:/Verilog_Module/Simulation.srcs/sources_1/Core/UART/reg'; Can't find the specified path.
If this directory should no longer be in your list of user repositories, go to the IP Settings dialog and remove it.
WARNING: [IP_Flow 19-1694] Ignoring duplicate Bus Definition IP file 'xilinx.com:user:FDMA:1.0' found within IP repository 'e:/Verilog_Module/IP'.
File in use: e:/Verilog_Module/IP/uifdma/FDMA.xml
File ignored: e:/Verilog_Module/IP/uifdmadbuf/FDMA.xml
WARNING: [IP_Flow 19-1694] Ignoring duplicate Bus Abstraction IP file 'xilinx.com:user:FDMA_rtl:1.0' found within IP repository 'e:/Verilog_Module/IP'.
File in use: e:/Verilog_Module/IP/uifdma/FDMA_rtl.xml
File ignored: e:/Verilog_Module/IP/uifdmadbuf/FDMA_rtl.xml
INFO: [IP_Flow 19-1700] Loaded user IP repository 'e:/Verilog_Module/IP'.
WARNING: [IP_Flow 19-3656] If you move the project, the path for repository 'e:/Verilog_Module/IP' may become invalid. A better location for the repository would be in a path adjacent to the project. (Current project location is 'e:/Verilog_Module/IP/Uart_TX_Core_V1_1'.)
INFO: [IP_Flow 19-2313] Loaded Vivado IP repository 'D:/Xilinx/Vivado/2022.2/data/ip'.
open_project: Time (s): cpu = 00:00:16 ; elapsed = 00:00:09 . Memory (MB): peak = 2065.895 ; gain = 243.828
update_compile_order -fileset sources_1
ipx::open_ipxact_file {E:\Verilog_Module\IP\Uart_TX_Core_V1_1\component.xml}
WARNING: [IP_Flow 19-5226] Project source file 'e:/Verilog_Module/IP/Uart_TX_Core_V1_1/component.xml' ignored by IP packager.
WARNING: [IP_Flow 19-3898] File Group 'xilinx_anylanguagesynthesis (Synthesis)': File 'e:/Verilog_Module/IP/Uart_TX_Core_V1_1/src/Par2Ser.v' is not found in the project sources. It will be removed from the packaged IP when the sources are merged. If still required, please add this file to the project and re-package.
WARNING: [IP_Flow 19-3898] File Group 'xilinx_anylanguagesynthesis (Synthesis)': File 'e:/Verilog_Module/IP/Uart_TX_Core_V1_1/src/uart_bit_tx_module.v' is not found in the project sources. It will be removed from the packaged IP when the sources are merged. If still required, please add this file to the project and re-package.
WARNING: [IP_Flow 19-3898] File Group 'xilinx_anylanguagesynthesis (Synthesis)': File 'e:/Verilog_Module/IP/Uart_TX_Core_V1_1/src/uart_reg_tx_module.v' is not found in the project sources. It will be removed from the packaged IP when the sources are merged. If still required, please add this file to the project and re-package.
WARNING: [IP_Flow 19-3898] File Group 'xilinx_anylanguagebehavioralsimulation (Simulation)': File 'e:/Verilog_Module/IP/Uart_TX_Core_V1_1/src/Par2Ser.v' is not found in the project sources. It will be removed from the packaged IP when the sources are merged. If still required, please add this file to the project and re-package.
WARNING: [IP_Flow 19-3898] File Group 'xilinx_anylanguagebehavioralsimulation (Simulation)': File 'e:/Verilog_Module/IP/Uart_TX_Core_V1_1/src/uart_bit_tx_module.v' is not found in the project sources. It will be removed from the packaged IP when the sources are merged. If still required, please add this file to the project and re-package.
WARNING: [IP_Flow 19-3898] File Group 'xilinx_anylanguagebehavioralsimulation (Simulation)': File 'e:/Verilog_Module/IP/Uart_TX_Core_V1_1/src/uart_reg_tx_module.v' is not found in the project sources. It will be removed from the packaged IP when the sources are merged. If still required, please add this file to the project and re-package.
WARNING: [IP_Flow 19-3898] File Group 'xilinx_testbench (Test Bench)': File 'e:/Verilog_Module/IP/Uart_TX_Core_V1_1/src/tb_uart_top_module.v' is not found in the project sources. It will be removed from the packaged IP when the sources are merged. If still required, please add this file to the project and re-package.
WARNING: [IP_Flow 19-5897] The set of required XPM macros has changed from 'XPM_FIFO' to ''
exit
INFO: [Common 17-206] Exiting Vivado at Fri Jan 12 10:06:26 2024...
