#-----------------------------------------------------------
# Vivado v2021.1 (64-bit)
# SW Build 3247384 on Thu Jun 10 19:36:33 MDT 2021
# IP Build 3246043 on Fri Jun 11 00:30:35 MDT 2021
# Start of session at: Wed Nov 17 16:19:04 2021
# Process ID: 41172
# Current directory: F:/MZU07A-EV/3_02_sdk_adv_app/14_photograph_fdma/9v034_sccb_hdmi/soc_prj/uisrc/03_ip/uirgb24to32/project_1
# Command line: vivado.exe -gui_launcher_event rodinguilauncherevent42680 F:\MZU07A-EV\3_02_sdk_adv_app\14_photograph_fdma\9v034_sccb_hdmi\soc_prj\uisrc\03_ip\uirgb24to32\project_1\project_1.xpr
# Log file: F:/MZU07A-EV/3_02_sdk_adv_app/14_photograph_fdma/9v034_sccb_hdmi/soc_prj/uisrc/03_ip/uirgb24to32/project_1/vivado.log
# Journal file: F:/MZU07A-EV/3_02_sdk_adv_app/14_photograph_fdma/9v034_sccb_hdmi/soc_prj/uisrc/03_ip/uirgb24to32/project_1\vivado.jou
#-----------------------------------------------------------
start_gui
open_project F:/MZU07A-EV/3_02_sdk_adv_app/14_photograph_fdma/9v034_sccb_hdmi/soc_prj/uisrc/03_ip/uirgb24to32/project_1/project_1.xpr
INFO: [ProjectBase 1-489] The host OS only allows 260 characters in a normal path. The project is stored in a path with more than 80 characters. If you experience issues with IP, Block Designs, or files not being found, please consider moving the project to a location with a shorter path. Alternately consider using the OS subst command to map part of the path to a drive letter.
Current project path is 'F:/MZU07A-EV/3_02_sdk_adv_app/14_photograph_fdma/9v034_sccb_hdmi/soc_prj/uisrc/03_ip/uirgb24to32/project_1'
INFO: [Project 1-313] Project file moved from 'F:/MZU07A-EV/3_02_sdk_adv_app/14_photograph_fdma/9v034_sccb_hdmi/soc_prj/uisrc/03_ip/uidprgb24to36/project_1' since last save.
WARNING: [filemgmt 56-3] IP Repository Path: Could not find the directory 'F:/zu07a-4gb/01_soc_base_7eg/40dp_for/02_dpdma_live/zu_prj/uisrc/03_ip/uidprgb24to36'.
WARNING: [filemgmt 56-2] Default IP Output Path : Could not find the directory 'F:/MZU07A-EV/3_02_sdk_adv_app/14_photograph_fdma/9v034_sccb_hdmi/soc_prj/uisrc/03_ip/uirgb24to32/project_1/project_1.gen/sources_1', nor could it be found using path 'F:/MZU07A-EV/3_02_sdk_adv_app/14_photograph_fdma/9v034_sccb_hdmi/soc_prj/uisrc/03_ip/uidprgb24to36/project_1/project_1.gen/sources_1'.
CRITICAL WARNING: [Project 1-19] Could not find the file 'F:/mzu07a-ev/3_02_sdk_adv_app/14_photograph_fdma/9v034_sccb_hdmi/soc_prj/uisrc/03_ip/uidprgb24to36/component.xml'.
Scanning sources...
Finished scanning sources
INFO: [IP_Flow 19-234] Refreshing IP repositories
WARNING: [IP_Flow 19-2248] Failed to load user IP repository 'f:/zu07a-4gb/01_soc_base_7eg/40dp_for/02_dpdma_live/zu_prj/uisrc/03_ip/uidprgb24to36'; Can't find the specified path.
If this directory should no longer be in your list of user repositories, go to the IP Settings dialog and remove it.
INFO: [IP_Flow 19-2313] Loaded Vivado IP repository 'D:/Xilinx/Vivado/2021.1/data/ip'.
update_compile_order -fileset sources_1
export_ip_user_files -of_objects  [get_files F:/mzu07a-ev/3_02_sdk_adv_app/14_photograph_fdma/9v034_sccb_hdmi/soc_prj/uisrc/03_ip/uidprgb24to36/component.xml] -no_script -reset -force -quiet
remove_files  F:/mzu07a-ev/3_02_sdk_adv_app/14_photograph_fdma/9v034_sccb_hdmi/soc_prj/uisrc/03_ip/uidprgb24to36/component.xml
add_files -fileset constrs_1 -norecurse F:/MZU07A-EV/3_02_sdk_adv_app/14_photograph_fdma/9v034_sccb_hdmi/soc_prj/uisrc/03_ip/uirgb24to32/component.xml
add_files -fileset utils_1 -norecurse F:/MZU07A-EV/3_02_sdk_adv_app/14_photograph_fdma/9v034_sccb_hdmi/soc_prj/uisrc/03_ip/uirgb24to32/component.xml
set_property file_type IP-XACT [get_files -of_objects [get_filesets utils_1] F:/MZU07A-EV/3_02_sdk_adv_app/14_photograph_fdma/9v034_sccb_hdmi/soc_prj/uisrc/03_ip/uirgb24to32/component.xml]
export_ip_user_files -of_objects  [get_files F:/MZU07A-EV/3_02_sdk_adv_app/14_photograph_fdma/9v034_sccb_hdmi/soc_prj/uisrc/03_ip/uirgb24to32/component.xml] -no_script -reset -force -quiet
remove_files  -fileset constrs_1 F:/MZU07A-EV/3_02_sdk_adv_app/14_photograph_fdma/9v034_sccb_hdmi/soc_prj/uisrc/03_ip/uirgb24to32/component.xml
export_ip_user_files -of_objects  [get_files F:/MZU07A-EV/3_02_sdk_adv_app/14_photograph_fdma/9v034_sccb_hdmi/soc_prj/uisrc/03_ip/uirgb24to32/component.xml] -no_script -reset -force -quiet
remove_files  -fileset utils_1 F:/MZU07A-EV/3_02_sdk_adv_app/14_photograph_fdma/9v034_sccb_hdmi/soc_prj/uisrc/03_ip/uirgb24to32/component.xml
add_files -fileset constrs_1 -norecurse F:/MZU07A-EV/3_02_sdk_adv_app/14_photograph_fdma/9v034_sccb_hdmi/soc_prj/uisrc/03_ip/uirgb24to32/component.xml
add_files -norecurse F:/MZU07A-EV/3_02_sdk_adv_app/14_photograph_fdma/9v034_sccb_hdmi/soc_prj/uisrc/03_ip/uirgb24to32/component.xml
set_property file_type IP-XACT [get_files -of_objects [get_filesets sources_1] F:/MZU07A-EV/3_02_sdk_adv_app/14_photograph_fdma/9v034_sccb_hdmi/soc_prj/uisrc/03_ip/uirgb24to32/component.xml]
export_ip_user_files -of_objects  [get_files F:/MZU07A-EV/3_02_sdk_adv_app/14_photograph_fdma/9v034_sccb_hdmi/soc_prj/uisrc/03_ip/uirgb24to32/component.xml] -no_script -reset -force -quiet
remove_files  -fileset constrs_1 F:/MZU07A-EV/3_02_sdk_adv_app/14_photograph_fdma/9v034_sccb_hdmi/soc_prj/uisrc/03_ip/uirgb24to32/component.xml
ipx::open_ipxact_file {F:\MZU07A-EV\3_02_sdk_adv_app\14_photograph_fdma\9v034_sccb_hdmi\soc_prj\uisrc\03_ip\uirgb24to32\component.xml}
WARNING: [IP_Flow 19-5226] Project source file 'f:/MZU07A-EV/3_02_sdk_adv_app/14_photograph_fdma/9v034_sccb_hdmi/soc_prj/uisrc/03_ip/uirgb24to32/component.xml' ignored by IP packager.
WARNING: [IP_Flow 19-3898] File Group 'xilinx_anylanguagesynthesis (Synthesis)': File 'f:/MZU07A-EV/3_02_sdk_adv_app/14_photograph_fdma/9v034_sccb_hdmi/soc_prj/uisrc/03_ip/uirgb24to32/uirgb24to32.v' is not found in the project sources. It will be removed from the packaged IP when the sources are merged. If still required, please add this file to the project and re-package.
WARNING: [IP_Flow 19-3898] File Group 'xilinx_anylanguagebehavioralsimulation (Simulation)': File 'f:/MZU07A-EV/3_02_sdk_adv_app/14_photograph_fdma/9v034_sccb_hdmi/soc_prj/uisrc/03_ip/uirgb24to32/uirgb24to32.v' is not found in the project sources. It will be removed from the packaged IP when the sources are merged. If still required, please add this file to the project and re-package.
ipx::merge_project_changes ports [ipx::current_core]
WARNING: [IP_Flow 19-5226] Project source file 'f:/MZU07A-EV/3_02_sdk_adv_app/14_photograph_fdma/9v034_sccb_hdmi/soc_prj/uisrc/03_ip/uirgb24to32/component.xml' ignored by IP packager.
set_property core_revision 2 [ipx::current_core]
ipx::create_xgui_files [ipx::current_core]
ipx::update_checksums [ipx::current_core]
ipx::check_integrity [ipx::current_core]
INFO: [IP_Flow 19-2181] Payment Required is not set for this core.
INFO: [IP_Flow 19-2187] The Product Guide file is missing.
INFO: [Ipptcl 7-1486] check_integrity: Integrity check passed.
ipx::save_core [ipx::current_core]
set_property  ip_repo_paths  {f:/MZU07A-EV/3_02_sdk_adv_app/14_photograph_fdma/9v034_sccb_hdmi/soc_prj/uisrc/03_ip/uirgb24to32 f:/zu07a-4gb/01_soc_base_7eg/40dp_for/02_dpdma_live/zu_prj/uisrc/03_ip/uidprgb24to36} [current_project]
update_ip_catalog
INFO: [IP_Flow 19-234] Refreshing IP repositories
INFO: [IP_Flow 19-1700] Loaded user IP repository 'f:/MZU07A-EV/3_02_sdk_adv_app/14_photograph_fdma/9v034_sccb_hdmi/soc_prj/uisrc/03_ip/uirgb24to32'.
WARNING: [IP_Flow 19-3656] If you move the project, the path for repository 'f:/MZU07A-EV/3_02_sdk_adv_app/14_photograph_fdma/9v034_sccb_hdmi/soc_prj/uisrc/03_ip/uirgb24to32' may become invalid. A better location for the repository would be in a path adjacent to the project. (Current project location is 'f:/MZU07A-EV/3_02_sdk_adv_app/14_photograph_fdma/9v034_sccb_hdmi/soc_prj/uisrc/03_ip/uirgb24to32/project_1'.)
WARNING: [IP_Flow 19-2248] Failed to load user IP repository 'f:/zu07a-4gb/01_soc_base_7eg/40dp_for/02_dpdma_live/zu_prj/uisrc/03_ip/uidprgb24to36'; Can't find the specified path.
If this directory should no longer be in your list of user repositories, go to the IP Settings dialog and remove it.
exit
INFO: [Common 17-206] Exiting Vivado at Wed Nov 17 16:21:18 2021...
