#-----------------------------------------------------------
# Vivado v2020.2 (64-bit)
# SW Build 3064766 on Wed Nov 18 09:12:45 MST 2020
# IP Build 3064653 on Wed Nov 18 14:17:31 MST 2020
# Start of session at: Thu Jan 21 13:24:08 2021
# Process ID: 33480
# Current directory: G:/ZU07A-4GB/01_soc_base_7eg/40dp_for/02_dpdma_live/zu_prj/uisrc/03_ip/uidprgb24to36/project_1
# Command line: vivado.exe -gui_launcher_event rodinguilauncherevent30600 G:\ZU07A-4GB\01_soc_base_7eg\40dp_for\02_dpdma_live\zu_prj\uisrc\03_ip\uidprgb24to36\project_1\project_1.xpr
# Log file: G:/ZU07A-4GB/01_soc_base_7eg/40dp_for/02_dpdma_live/zu_prj/uisrc/03_ip/uidprgb24to36/project_1/vivado.log
# Journal file: G:/ZU07A-4GB/01_soc_base_7eg/40dp_for/02_dpdma_live/zu_prj/uisrc/03_ip/uidprgb24to36/project_1\vivado.jou
#-----------------------------------------------------------
start_gui
open_project G:/ZU07A-4GB/01_soc_base_7eg/40dp_for/02_dpdma_live/zu_prj/uisrc/03_ip/uidprgb24to36/project_1/project_1.xpr
INFO: [ProjectBase 1-489] The host OS only allows 260 characters in a normal path. The project is stored in a path with more than 80 characters. If you experience issues with IP, Block Designs, or files not being found, please consider moving the project to a location with a shorter path. Alternately consider using the OS subst command to map part of the path to a drive letter.
Current project path is 'G:/ZU07A-4GB/01_soc_base_7eg/40dp_for/02_dpdma_live/zu_prj/uisrc/03_ip/uidprgb24to36/project_1'
WARNING: [filemgmt 56-3] Default IP Output Path : Could not find the directory 'G:/ZU07A-4GB/01_soc_base_7eg/40dp_for/02_dpdma_live/zu_prj/uisrc/03_ip/uidprgb24to36/project_1/project_1.gen/sources_1'.
Scanning sources...
Finished scanning sources
INFO: [IP_Flow 19-234] Refreshing IP repositories
INFO: [IP_Flow 19-1700] Loaded user IP repository 'g:/zu07a-4gb/01_soc_base_7eg/40dp_for/02_dpdma_live/zu_prj/uisrc/03_ip/uidprgb24to36'.
INFO: [IP_Flow 19-2313] Loaded Vivado IP repository 'D:/Xilinx/Vivado/2020.2/data/ip'.
open_project: Time (s): cpu = 00:00:12 ; elapsed = 00:00:06 . Memory (MB): peak = 1107.906 ; gain = 0.000
update_compile_order -fileset sources_1
ERROR: [Common 17-180] Spawn failed: No error
ERROR: [Common 17-180] Spawn failed: No error
update_compile_order -fileset sources_1
ipx::open_ipxact_file {G:\zu07a-4gb\01_soc_base_7eg\40dp_for\02_dpdma_live\zu_prj\uisrc\03_ip\uidprgb24to36\component.xml}
WARNING: [IP_Flow 19-3833] Unreferenced file from the top module is not packaged: 'G:/ZU07A-4GB/01_soc_base_7eg/40dp_for/02_dpdma_live/zu_prj/uisrc/03_ip/uidprgb24to36/uidprgb24to36.v'.
WARNING: [IP_Flow 19-5226] Project source file 'g:/zu07a-4gb/01_soc_base_7eg/40dp_for/02_dpdma_live/zu_prj/uisrc/03_ip/uidprgb24to36/component.xml' ignored by IP packager.
CRITICAL WARNING: [IP_Flow 19-377] There are no source files from the current project to package.
update_compile_order -fileset sources_1
ipx::merge_project_changes ports [ipx::current_core]
WARNING: [IP_Flow 19-5226] Project source file 'g:/zu07a-4gb/01_soc_base_7eg/40dp_for/02_dpdma_live/zu_prj/uisrc/03_ip/uidprgb24to36/component.xml' ignored by IP packager.
set_property core_revision 3 [ipx::current_core]
ipx::create_xgui_files [ipx::current_core]
ipx::update_checksums [ipx::current_core]
ipx::check_integrity [ipx::current_core]
INFO: [IP_Flow 19-2181] Payment Required is not set for this core.
INFO: [IP_Flow 19-2187] The Product Guide file is missing.
INFO: [Ipptcl 7-1486] check_integrity: Integrity check passed.
ipx::save_core [ipx::current_core]
update_ip_catalog -rebuild -repo_path g:/zu07a-4gb/01_soc_base_7eg/40dp_for/02_dpdma_live/zu_prj/uisrc/03_ip/uidprgb24to36
INFO: [IP_Flow 19-725] Reloaded user IP repository 'g:/zu07a-4gb/01_soc_base_7eg/40dp_for/02_dpdma_live/zu_prj/uisrc/03_ip/uidprgb24to36'
exit
INFO: [Common 17-206] Exiting Vivado at Thu Jan 21 19:55:48 2021...
