#-----------------------------------------------------------
# Vivado v2021.1 (64-bit)
# SW Build 3247384 on Thu Jun 10 19:36:33 MDT 2021
# IP Build 3246043 on Fri Jun 11 00:30:35 MDT 2021
# Start of session at: Tue Nov  9 19:38:08 2021
# Process ID: 107540
# Current directory: F:/7035FA/3_02_sdk_adv_app/07_axi_vdma_cammera/5640_sccb_hdmi/soc_prj/uisrc/03_ip/uivideo2axism/project_1
# Command line: vivado.exe -gui_launcher_event rodinguilauncherevent66012 F:\7035FA\3_02_sdk_adv_app\07_axi_vdma_cammera\5640_sccb_hdmi\soc_prj\uisrc\03_ip\uivideo2axism\project_1\project_1.xpr
# Log file: F:/7035FA/3_02_sdk_adv_app/07_axi_vdma_cammera/5640_sccb_hdmi/soc_prj/uisrc/03_ip/uivideo2axism/project_1/vivado.log
# Journal file: F:/7035FA/3_02_sdk_adv_app/07_axi_vdma_cammera/5640_sccb_hdmi/soc_prj/uisrc/03_ip/uivideo2axism/project_1\vivado.jou
#-----------------------------------------------------------
start_gui
open_project F:/7035FA/3_02_sdk_adv_app/07_axi_vdma_cammera/5640_sccb_hdmi/soc_prj/uisrc/03_ip/uivideo2axism/project_1/project_1.xpr
INFO: [ProjectBase 1-489] The host OS only allows 260 characters in a normal path. The project is stored in a path with more than 80 characters. If you experience issues with IP, Block Designs, or files not being found, please consider moving the project to a location with a shorter path. Alternately consider using the OS subst command to map part of the path to a drive letter.
Current project path is 'F:/7035FA/3_02_sdk_adv_app/07_axi_vdma_cammera/5640_sccb_hdmi/soc_prj/uisrc/03_ip/uivideo2axism/project_1'
INFO: [Project 1-313] Project file moved from 'G:/ZU07A-4GB/01_soc_base_7eg/40dp_for/02_dp_vdma_test/02_5640_vmda_dp_720p/zu_prj/uisrc/03_ip/uivideo2axism/project_1' since last save.
WARNING: [filemgmt 56-2] IP Repository Path: Could not find the directory 'F:/../zu07a-4gb/01_soc_base_7eg/40dp_for/02_dp_vdma_test/zu_prj/uisrc/03_ip/uivideo2axism', nor could it be found using path 'G:/zu07a-4gb/01_soc_base_7eg/40dp_for/02_dp_vdma_test/zu_prj/uisrc/03_ip/uivideo2axism'.
WARNING: [filemgmt 56-2] IP Repository Path: Could not find the directory 'F:/zu07a-4gb/01_soc_base_7eg/40dp_for/02_dp_vdma_test/zu_prj/uisrc/03_ip/uivideo2axis', nor could it be found using path 'G:/ZU07A-4GB/zu07a-4gb/01_soc_base_7eg/40dp_for/02_dp_vdma_test/zu_prj/uisrc/03_ip/uivideo2axis'.
CRITICAL WARNING: [Project 1-311] Could not find the file 'F:/../zu07a-4gb/01_soc_base_7eg/40dp_for/02_dp_vdma_test/zu_prj/uisrc/03_ip/uivideo2axism/component.xml', nor could it be found using path 'G:/zu07a-4gb/01_soc_base_7eg/40dp_for/02_dp_vdma_test/zu_prj/uisrc/03_ip/uivideo2axism/component.xml'.
Scanning sources...
Finished scanning sources
INFO: [Project 1-230] Project 'project_1.xpr' upgraded for this version of Vivado.
INFO: [IP_Flow 19-234] Refreshing IP repositories
WARNING: [IP_Flow 19-2248] Failed to load user IP repository 'f:zu07a-4gb/01_soc_base_7eg/40dp_for/02_dp_vdma_test/zu_prj/uisrc/03_ip/uivideo2axism'; Can't find the specified path.
If this directory should no longer be in your list of user repositories, go to the IP Settings dialog and remove it.
WARNING: [IP_Flow 19-2248] Failed to load user IP repository 'f:/zu07a-4gb/01_soc_base_7eg/40dp_for/02_dp_vdma_test/zu_prj/uisrc/03_ip/uivideo2axis'; Can't find the specified path.
If this directory should no longer be in your list of user repositories, go to the IP Settings dialog and remove it.
INFO: [IP_Flow 19-2313] Loaded Vivado IP repository 'D:/Xilinx/Vivado/2021.1/data/ip'.
open_project: Time (s): cpu = 00:00:15 ; elapsed = 00:00:06 . Memory (MB): peak = 1271.602 ; gain = 0.000
update_compile_order -fileset sources_1
export_ip_user_files -of_objects  [get_files F:/../zu07a-4gb/01_soc_base_7eg/40dp_for/02_dp_vdma_test/zu_prj/uisrc/03_ip/uivideo2axism/component.xml] -no_script -reset -force -quiet
remove_files  F:/../zu07a-4gb/01_soc_base_7eg/40dp_for/02_dp_vdma_test/zu_prj/uisrc/03_ip/uivideo2axism/component.xml
add_files -norecurse F:/7035FA/3_02_sdk_adv_app/07_axi_vdma_cammera/5640_sccb_hdmi/soc_prj/uisrc/03_ip/uivideo2axism/component.xml
set_property file_type IP-XACT [get_files  F:/7035FA/3_02_sdk_adv_app/07_axi_vdma_cammera/5640_sccb_hdmi/soc_prj/uisrc/03_ip/uivideo2axism/component.xml]
ipx::open_ipxact_file {F:\7035FA\3_02_sdk_adv_app\07_axi_vdma_cammera\5640_sccb_hdmi\soc_prj\uisrc\03_ip\uivideo2axism\component.xml}
WARNING: [IP_Flow 19-5226] Project source file 'f:/7035FA/3_02_sdk_adv_app/07_axi_vdma_cammera/5640_sccb_hdmi/soc_prj/uisrc/03_ip/uivideo2axism/component.xml' ignored by IP packager.
WARNING: [IP_Flow 19-3898] File Group 'xilinx_anylanguagesynthesis (Synthesis)': File 'f:/7035FA/3_02_sdk_adv_app/07_axi_vdma_cammera/5640_sccb_hdmi/soc_prj/uisrc/03_ip/uivideo2axism/uivideo2axism.v' is not found in the project sources. It will be removed from the packaged IP when the sources are merged. If still required, please add this file to the project and re-package.
WARNING: [IP_Flow 19-3898] File Group 'xilinx_anylanguagebehavioralsimulation (Simulation)': File 'f:/7035FA/3_02_sdk_adv_app/07_axi_vdma_cammera/5640_sccb_hdmi/soc_prj/uisrc/03_ip/uivideo2axism/uivideo2axism.v' is not found in the project sources. It will be removed from the packaged IP when the sources are merged. If still required, please add this file to the project and re-package.
WARNING: [IP_Flow 19-5897] The set of required XPM macros has changed from 'XPM_FIFO' to ''
ipx::merge_project_changes hdl_parameters [ipx::current_core]
WARNING: [IP_Flow 19-5226] Project source file 'f:/7035FA/3_02_sdk_adv_app/07_axi_vdma_cammera/5640_sccb_hdmi/soc_prj/uisrc/03_ip/uivideo2axism/component.xml' ignored by IP packager.
set_property core_revision 15 [ipx::current_core]
ipx::create_xgui_files [ipx::current_core]
ipx::update_checksums [ipx::current_core]
ipx::check_integrity [ipx::current_core]
WARNING: [IP_Flow 19-2403] Component Definition 'xilinx.com:user:uivideo2axism:1.0 (uivideo2axism_v1_0)': Unrecognized Family "aspartan7"
WARNING: [IP_Flow 19-2403] Component Definition 'xilinx.com:user:uivideo2axism:1.0 (uivideo2axism_v1_0)': Unrecognized Family "spartan7"
WARNING: [IP_Flow 19-2403] Component Definition 'xilinx.com:user:uivideo2axism:1.0 (uivideo2axism_v1_0)': Unrecognized Family "virtexu"
WARNING: [IP_Flow 19-5661] Bus Interface 'vid_clk_i' does not have any bus interfaces associated with it.
INFO: [IP_Flow 19-2181] Payment Required is not set for this core.
INFO: [IP_Flow 19-2187] The Product Guide file is missing.
INFO: [Ipptcl 7-1486] check_integrity: Integrity check passed.
ipx::save_core [ipx::current_core]
set_property  ip_repo_paths  {f:/7035FA/3_02_sdk_adv_app/07_axi_vdma_cammera/5640_sccb_hdmi/soc_prj/uisrc/03_ip/uivideo2axism f:zu07a-4gb/01_soc_base_7eg/40dp_for/02_dp_vdma_test/zu_prj/uisrc/03_ip/uivideo2axism f:/zu07a-4gb/01_soc_base_7eg/40dp_for/02_dp_vdma_test/zu_prj/uisrc/03_ip/uivideo2axis} [current_project]
update_ip_catalog
INFO: [IP_Flow 19-234] Refreshing IP repositories
INFO: [IP_Flow 19-1700] Loaded user IP repository 'f:/7035FA/3_02_sdk_adv_app/07_axi_vdma_cammera/5640_sccb_hdmi/soc_prj/uisrc/03_ip/uivideo2axism'.
WARNING: [IP_Flow 19-3656] If you move the project, the path for repository 'f:/7035FA/3_02_sdk_adv_app/07_axi_vdma_cammera/5640_sccb_hdmi/soc_prj/uisrc/03_ip/uivideo2axism' may become invalid. A better location for the repository would be in a path adjacent to the project. (Current project location is 'f:/7035FA/3_02_sdk_adv_app/07_axi_vdma_cammera/5640_sccb_hdmi/soc_prj/uisrc/03_ip/uivideo2axism/project_1'.)
WARNING: [IP_Flow 19-3685] Ignored loading user repository 'f:/7035FA/3_02_sdk_adv_app/07_axi_vdma_cammera/5640_sccb_hdmi/soc_prj/uisrc/03_ip/uivideo2axism/project_1/zu07a-4gb/01_soc_base_7eg/40dp_for/02_dp_vdma_test/zu_prj/uisrc/03_ip/uivideo2axism'. The path is contained within another repository.
WARNING: [IP_Flow 19-2248] Failed to load user IP repository 'f:/zu07a-4gb/01_soc_base_7eg/40dp_for/02_dp_vdma_test/zu_prj/uisrc/03_ip/uivideo2axis'; Can't find the specified path.
If this directory should no longer be in your list of user repositories, go to the IP Settings dialog and remove it.
exit
INFO: [Common 17-206] Exiting Vivado at Tue Nov  9 19:50:14 2021...
