#-----------------------------------------------------------
# Vivado v2021.1 (64-bit)
# SW Build 3247384 on Thu Jun 10 19:36:33 MDT 2021
# IP Build 3246043 on Fri Jun 11 00:30:35 MDT 2021
# Start of session at: Tue Sep 27 16:00:17 2022
# Process ID: 40136
# Current directory: F:/XILINX/FDMA_DDR/fdma_data_path/06_stream_with_ddrbuf/uisrc/03_ip/uifdmadbuf/uifdma_dbuf_v1_0_project
# Command line: vivado.exe -gui_launcher_event rodinguilauncherevent39772 F:\XILINX\FDMA_DDR\fdma_data_path\06_stream_with_ddrbuf\uisrc\03_ip\uifdmadbuf\uifdma_dbuf_v1_0_project\uifdma_dbuf_v1_0_project.xpr
# Log file: F:/XILINX/FDMA_DDR/fdma_data_path/06_stream_with_ddrbuf/uisrc/03_ip/uifdmadbuf/uifdma_dbuf_v1_0_project/vivado.log
# Journal file: F:/XILINX/FDMA_DDR/fdma_data_path/06_stream_with_ddrbuf/uisrc/03_ip/uifdmadbuf/uifdma_dbuf_v1_0_project\vivado.jou
#-----------------------------------------------------------
start_gui
open_project F:/XILINX/FDMA_DDR/fdma_data_path/06_stream_with_ddrbuf/uisrc/03_ip/uifdmadbuf/uifdma_dbuf_v1_0_project/uifdma_dbuf_v1_0_project.xpr
INFO: [ProjectBase 1-489] The host OS only allows 260 characters in a normal path. The project is stored in a path with more than 80 characters. If you experience issues with IP, Block Designs, or files not being found, please consider moving the project to a location with a shorter path. Alternately consider using the OS subst command to map part of the path to a drive letter.
Current project path is 'F:/XILINX/FDMA_DDR/fdma_data_path/06_stream_with_ddrbuf/uisrc/03_ip/uifdmadbuf/uifdma_dbuf_v1_0_project'
INFO: [Project 1-313] Project file moved from 'F:/7035FA/3_02_sdk_adv_app/17_daq967x_wave_fdma/soc_prj/uisrc/03_ip/uifdmadbuf/uifdma_dbuf_v1_0_project' since last save.
WARNING: [filemgmt 56-3] IP Repository Path: Could not find the directory 'F:/Boards/mz7x/fdma_dbuf_lwip_daq4225/zu_prj/uisrc/03_ip'.
WARNING: [filemgmt 56-2] Default IP Output Path : Could not find the directory 'F:/XILINX/FDMA_DDR/fdma_data_path/06_stream_with_ddrbuf/uisrc/03_ip/uifdmadbuf/uifdma_dbuf_v1_0_project/uifdma_dbuf_v1_0_project.gen/sources_1', nor could it be found using path 'F:/7035FA/3_02_sdk_adv_app/17_daq967x_wave_fdma/soc_prj/uisrc/03_ip/uifdmadbuf/uifdma_dbuf_v1_0_project/uifdma_dbuf_v1_0_project.gen/sources_1'.
CRITICAL WARNING: [Project 1-19] Could not find the file 'F:/Boards/mz7x/fdma_dbuf_lwip_daq4225/zu_prj/uisrc/03_ip/uifdmadbuf/fs_cap.v'.
CRITICAL WARNING: [Project 1-19] Could not find the file 'F:/Boards/mz7x/fdma_dbuf_lwip_daq4225/zu_prj/uisrc/03_ip/uifdmadbuf/uidbuf.v'.
CRITICAL WARNING: [Project 1-19] Could not find the file 'F:/Boards/mz7x/fdma_dbuf_lwip_daq4225/zu_prj/uisrc/03_ip/uifdmadbuf/uidbufirq.v'.
CRITICAL WARNING: [Project 1-19] Could not find the file 'F:/Boards/mz7x/fdma_dbuf_lwip_daq4225/zu_prj/uisrc/03_ip/uifdmadbuf/uifdma_dbuf.v'.
CRITICAL WARNING: [Project 1-19] Could not find the file 'F:/Boards/mz7x/fdma_dbuf_lwip_daq4225/zu_prj/uisrc/03_ip/uifdmadbuf/component.xml'.
Scanning sources...
Finished scanning sources
INFO: [IP_Flow 19-234] Refreshing IP repositories
WARNING: [IP_Flow 19-2248] Failed to load user IP repository 'f:/Boards/mz7x/fdma_dbuf_lwip_daq4225/zu_prj/uisrc/03_ip'; Can't find the specified path.
If this directory should no longer be in your list of user repositories, go to the IP Settings dialog and remove it.
INFO: [IP_Flow 19-2313] Loaded Vivado IP repository 'D:/Xilinx/Vivado/2021.1/data/ip'.
update_compile_order -fileset sources_1
exit
INFO: [Common 17-206] Exiting Vivado at Tue Sep 27 16:09:13 2022...
